<?xml version="1.0" encoding="UTF-8"?>
<testng-results skipped="0" failed="0" ignored="0" total="3" passed="3">
  <reporter-output>
  </reporter-output>
  <suite name="Default suite" duration-ms="66057" started-at="2020-09-26T19:29:46Z" finished-at="2020-09-26T19:30:52Z">
    <groups>
    </groups>
    <test name="Default test" duration-ms="66057" started-at="2020-09-26T19:29:46Z" finished-at="2020-09-26T19:30:52Z">
      <class name="com.javabykiran.SpringbootWeekendBatch.SpringBootTestDemo">
        <test-method status="PASS" signature="TestcaseoforGetAllEmployee()[pri:0, instance:com.javabykiran.SpringbootWeekendBatch.SpringBootTestDemo@5ec0a365]" name="TestcaseoforGetAllEmployee" duration-ms="3419" started-at="2020-09-26T19:29:46Z" finished-at="2020-09-26T19:29:50Z">
          <reporter-output>
          </reporter-output>
        </test-method> <!-- TestcaseoforGetAllEmployee -->
        <test-method status="PASS" signature="VerifyResponseSpecificUser()[pri:0, instance:com.javabykiran.SpringbootWeekendBatch.SpringBootTestDemo@5ec0a365]" name="VerifyResponseSpecificUser" duration-ms="62388" started-at="2020-09-26T19:29:50Z" finished-at="2020-09-26T19:30:52Z">
          <reporter-output>
          </reporter-output>
        </test-method> <!-- VerifyResponseSpecificUser -->
        <test-method status="PASS" signature="postStudent()[pri:0, instance:com.javabykiran.SpringbootWeekendBatch.SpringBootTestDemo@5ec0a365]" name="postStudent" duration-ms="174" started-at="2020-09-26T19:30:52Z" finished-at="2020-09-26T19:30:52Z">
          <reporter-output>
          </reporter-output>
        </test-method> <!-- postStudent -->
      </class> <!-- com.javabykiran.SpringbootWeekendBatch.SpringBootTestDemo -->
    </test> <!-- Default test -->
  </suite> <!-- Default suite -->
</testng-results>
